<?xml version="1.0" encoding="UTF-8"?>
<testsuite xmlns:xsi="http://www.w3.org/2001/XMLSchema-instance" xsi:noNamespaceSchemaLocation="https://maven.apache.org/surefire/maven-surefire-plugin/xsd/surefire-test-report.xsd" name="com.inditex.zara.price.AppTest" time="6.303" tests="5" errors="5" skipped="0" failures="0">
  <properties>
[...]
</properties>
  <testcase name="shouldReturnProperPriceData_case1" classname="com.inditex.zara.price.AppTest" time="0.315">
    <error message="Error while extracting response for type [class com.inditex.zara.price.AppTest$PriceResponse] and content type [application/json]; nested exception is org.springframework.http.converter.HttpMessageNotReadableException: JSON parse error: Unrecognized token &apos;Internal&apos;: was expecting (JSON String, Number, Array, Object or token &apos;null&apos;, &apos;true&apos; or &apos;false&apos;); nested exception is com.fasterxml.jackson.core.JsonParseException: Unrecognized token &apos;Internal&apos;: was expecting (JSON String, Number, Array, Object or token &apos;null&apos;, &apos;true&apos; or &apos;false&apos;)&#10; at [Source: (org.springframework.util.StreamUtils$NonClosingInputStream); line: 1, column: 10]" type="org.springframework.web.client.RestClientException">org.springframework.web.client.RestClientException: 
Error while extracting response for type [class com.inditex.zara.price.AppTest$PriceResponse] and content type [application/json]; nested exception is org.springframework.http.converter.HttpMessageNotReadableException: JSON parse error: Unrecognized token 'Internal': was expecting (JSON String, Number, Array, Object or token 'null', 'true' or 'false'); nested exception is com.fasterxml.jackson.core.JsonParseException: Unrecognized token 'Internal': was expecting (JSON String, Number, Array, Object or token 'null', 'true' or 'false')
 at [Source: (org.springframework.util.StreamUtils$NonClosingInputStream); line: 1, column: 10]
	at com.inditex.zara.price.AppTest.callGetEndpoint(AppTest.java:71)
	at com.inditex.zara.price.AppTest.shouldReturnProperPriceData_case1(AppTest.java:54)
Caused by: org.springframework.http.converter.HttpMessageNotReadableException: 
JSON parse error: Unrecognized token 'Internal': was expecting (JSON String, Number, Array, Object or token 'null', 'true' or 'false'); nested exception is com.fasterxml.jackson.core.JsonParseException: Unrecognized token 'Internal': was expecting (JSON String, Number, Array, Object or token 'null', 'true' or 'false')
 at [Source: (org.springframework.util.StreamUtils$NonClosingInputStream); line: 1, column: 10]
	at com.inditex.zara.price.AppTest.callGetEndpoint(AppTest.java:71)
	at com.inditex.zara.price.AppTest.shouldReturnProperPriceData_case1(AppTest.java:54)
Caused by: com.fasterxml.jackson.core.JsonParseException: 
Unrecognized token 'Internal': was expecting (JSON String, Number, Array, Object or token 'null', 'true' or 'false')
 at [Source: (org.springframework.util.StreamUtils$NonClosingInputStream); line: 1, column: 10]
	at com.inditex.zara.price.AppTest.callGetEndpoint(AppTest.java:71)
	at com.inditex.zara.price.AppTest.shouldReturnProperPriceData_case1(AppTest.java:54)
</error>
    <system-out><![CDATA[20:51:10.587 [main] DEBUG org.springframework.test.context.BootstrapUtils - Instantiating CacheAwareContextLoaderDelegate from class [org.springframework.test.context.cache.DefaultCacheAwareContextLoaderDelegate]
20:51:10.596 [main] DEBUG org.springframework.test.context.BootstrapUtils - Instantiating BootstrapContext using constructor [public org.springframework.test.context.support.DefaultBootstrapContext(java.lang.Class,org.springframework.test.context.CacheAwareContextLoaderDelegate)]
20:51:10.644 [main] DEBUG org.springframework.test.context.BootstrapUtils - Instantiating TestContextBootstrapper for test class [com.inditex.zara.price.AppTest] from class [org.springframework.boot.test.context.SpringBootTestContextBootstrapper]
20:51:10.656 [main] INFO org.springframework.boot.test.context.SpringBootTestContextBootstrapper - Neither @ContextConfiguration nor @ContextHierarchy found for test class [com.inditex.zara.price.AppTest], using SpringBootContextLoader
20:51:10.658 [main] DEBUG org.springframework.test.context.support.AbstractContextLoader - Did not detect default resource location for test class [com.inditex.zara.price.AppTest]: class path resource [com/inditex/zara/price/AppTest-context.xml] does not exist
20:51:10.659 [main] DEBUG org.springframework.test.context.support.AbstractContextLoader - Did not detect default resource location for test class [com.inditex.zara.price.AppTest]: class path resource [com/inditex/zara/price/AppTestContext.groovy] does not exist
20:51:10.660 [main] INFO org.springframework.test.context.support.AbstractContextLoader - Could not detect default resource locations for test class [com.inditex.zara.price.AppTest]: no resource found for suffixes {-context.xml, Context.groovy}.
20:51:10.702 [main] DEBUG org.springframework.test.context.support.ActiveProfilesUtils - Could not find an 'annotation declaring class' for annotation type [org.springframework.test.context.ActiveProfiles] and class [com.inditex.zara.price.AppTest]
20:51:10.806 [main] DEBUG org.springframework.boot.test.context.SpringBootTestContextBootstrapper - @TestExecutionListeners is not present for class [com.inditex.zara.price.AppTest]: using defaults.
20:51:10.807 [main] INFO org.springframework.boot.test.context.SpringBootTestContextBootstrapper - Loaded default TestExecutionListener class names from location [META-INF/spring.factories]: [org.springframework.boot.test.mock.mockito.MockitoTestExecutionListener, org.springframework.boot.test.mock.mockito.ResetMocksTestExecutionListener, org.springframework.boot.test.autoconfigure.restdocs.RestDocsTestExecutionListener, org.springframework.boot.test.autoconfigure.web.client.MockRestServiceServerResetTestExecutionListener, org.springframework.boot.test.autoconfigure.web.servlet.MockMvcPrintOnlyOnFailureTestExecutionListener, org.springframework.boot.test.autoconfigure.web.servlet.WebDriverTestExecutionListener, org.springframework.boot.test.autoconfigure.webservices.client.MockWebServiceServerTestExecutionListener, org.springframework.test.context.web.ServletTestExecutionListener, org.springframework.test.context.support.DirtiesContextBeforeModesTestExecutionListener, org.springframework.test.context.event.ApplicationEventsTestExecutionListener, org.springframework.test.context.support.DependencyInjectionTestExecutionListener, org.springframework.test.context.support.DirtiesContextTestExecutionListener, org.springframework.test.context.transaction.TransactionalTestExecutionListener, org.springframework.test.context.jdbc.SqlScriptsTestExecutionListener, org.springframework.test.context.event.EventPublishingTestExecutionListener]
20:51:10.819 [main] INFO org.springframework.boot.test.context.SpringBootTestContextBootstrapper - Using TestExecutionListeners: [org.springframework.test.context.web.ServletTestExecutionListener@6ebf0f36, org.springframework.test.context.support.DirtiesContextBeforeModesTestExecutionListener@18920cc, org.springframework.test.context.event.ApplicationEventsTestExecutionListener@2807bdeb, org.springframework.boot.test.mock.mockito.MockitoTestExecutionListener@72c28d64, org.springframework.boot.test.autoconfigure.SpringBootDependencyInjectionTestExecutionListener@6492fab5, org.springframework.test.context.support.DirtiesContextTestExecutionListener@2c5529ab, org.springframework.test.context.transaction.TransactionalTestExecutionListener@39a8312f, org.springframework.test.context.jdbc.SqlScriptsTestExecutionListener@5f6722d3, org.springframework.test.context.event.EventPublishingTestExecutionListener@2c532cd8, org.springframework.boot.test.mock.mockito.ResetMocksTestExecutionListener@294e5088, org.springframework.boot.test.autoconfigure.restdocs.RestDocsTestExecutionListener@51972dc7, org.springframework.boot.test.autoconfigure.web.client.MockRestServiceServerResetTestExecutionListener@3700ec9c, org.springframework.boot.test.autoconfigure.web.servlet.MockMvcPrintOnlyOnFailureTestExecutionListener@2002348, org.springframework.boot.test.autoconfigure.web.servlet.WebDriverTestExecutionListener@5911e990, org.springframework.boot.test.autoconfigure.webservices.client.MockWebServiceServerTestExecutionListener@31000e60]
20:51:10.822 [main] DEBUG org.springframework.test.context.support.AbstractDirtiesContextTestExecutionListener - Before test class: context [DefaultTestContext@6622fc65 testClass = AppTest, testInstance = [null], testMethod = [null], testException = [null], mergedContextConfiguration = [WebMergedContextConfiguration@299321e2 testClass = AppTest, locations = '{}', classes = '{class com.inditex.zara.price.Application}', contextInitializerClasses = '[]', activeProfiles = '{}', propertySourceLocations = '{}', propertySourceProperties = '{org.springframework.boot.test.context.SpringBootTestContextBootstrapper=true, server.port=0}', contextCustomizers = set[org.springframework.boot.test.context.filter.ExcludeFilterContextCustomizer@4bc222e, org.springframework.boot.test.json.DuplicateJsonObjectContextCustomizerFactory$DuplicateJsonObjectContextCustomizer@3eb91815, org.springframework.boot.test.mock.mockito.MockitoContextCustomizer@0, org.springframework.boot.test.web.client.TestRestTemplateContextCustomizer@6f3187b0, org.springframework.boot.test.autoconfigure.actuate.metrics.MetricsExportContextCustomizerFactory$DisableMetricExportContextCustomizer@5e21e98f, org.springframework.boot.test.autoconfigure.properties.PropertyMappingContextCustomizer@0, org.springframework.boot.test.autoconfigure.web.servlet.WebDriverContextCustomizerFactory$Customizer@1130520d, org.springframework.boot.test.context.SpringBootTestArgs@1, org.springframework.boot.test.context.SpringBootTestWebEnvironment@2ea227af], resourceBasePath = 'src/main/webapp', contextLoader = 'org.springframework.boot.test.context.SpringBootContextLoader', parent = [null]], attributes = map['org.springframework.test.context.web.ServletTestExecutionListener.activateListener' -> false]], class annotated with @DirtiesContext [false] with mode [null].
20:51:10.839 [main] DEBUG org.springframework.test.context.support.DependencyInjectionTestExecutionListener - Performing dependency injection for test context [[DefaultTestContext@6622fc65 testClass = AppTest, testInstance = com.inditex.zara.price.AppTest@56e8b606, testMethod = [null], testException = [null], mergedContextConfiguration = [WebMergedContextConfiguration@299321e2 testClass = AppTest, locations = '{}', classes = '{class com.inditex.zara.price.Application}', contextInitializerClasses = '[]', activeProfiles = '{}', propertySourceLocations = '{}', propertySourceProperties = '{org.springframework.boot.test.context.SpringBootTestContextBootstrapper=true, server.port=0}', contextCustomizers = set[org.springframework.boot.test.context.filter.ExcludeFilterContextCustomizer@4bc222e, org.springframework.boot.test.json.DuplicateJsonObjectContextCustomizerFactory$DuplicateJsonObjectContextCustomizer@3eb91815, org.springframework.boot.test.mock.mockito.MockitoContextCustomizer@0, org.springframework.boot.test.web.client.TestRestTemplateContextCustomizer@6f3187b0, org.springframework.boot.test.autoconfigure.actuate.metrics.MetricsExportContextCustomizerFactory$DisableMetricExportContextCustomizer@5e21e98f, org.springframework.boot.test.autoconfigure.properties.PropertyMappingContextCustomizer@0, org.springframework.boot.test.autoconfigure.web.servlet.WebDriverContextCustomizerFactory$Customizer@1130520d, org.springframework.boot.test.context.SpringBootTestArgs@1, org.springframework.boot.test.context.SpringBootTestWebEnvironment@2ea227af], resourceBasePath = 'src/main/webapp', contextLoader = 'org.springframework.boot.test.context.SpringBootContextLoader', parent = [null]], attributes = map['org.springframework.test.context.web.ServletTestExecutionListener.activateListener' -> false, 'org.springframework.test.context.event.ApplicationEventsTestExecutionListener.recordApplicationEvents' -> false]]].

  .   ____          _            __ _ _
 /\\ / ___'_ __ _ _(_)_ __  __ _ \ \ \ \
( ( )\___ | '_ | '_| | '_ \/ _` | \ \ \ \
 \\/  ___)| |_)| | | | | || (_| |  ) ) ) )
  '  |____| .__|_| |_|_| |_\__, | / / / /
 =========|_|==============|___/=/_/_/_/
 :: Spring Boot ::               (v2.7.11)

2023-05-11 20:51:11.238  INFO 31579 --- [           main] com.inditex.zara.price.AppTest           : Starting AppTest using Java 17.0.5 on alex-desktop with PID 31579 (started by alex in /home/alex/documents/career/tests/2023-05/vass-test-inditex)
2023-05-11 20:51:11.240  INFO 31579 --- [           main] com.inditex.zara.price.AppTest           : No active profile set, falling back to 1 default profile: "default"
2023-05-11 20:51:12.194  INFO 31579 --- [           main] .s.d.r.c.RepositoryConfigurationDelegate : Bootstrapping Spring Data JPA repositories in DEFAULT mode.
2023-05-11 20:51:12.235  INFO 31579 --- [           main] .s.d.r.c.RepositoryConfigurationDelegate : Finished Spring Data repository scanning in 35 ms. Found 1 JPA repository interfaces.
2023-05-11 20:51:13.120  INFO 31579 --- [           main] o.s.b.w.embedded.tomcat.TomcatWebServer  : Tomcat initialized with port(s): 0 (http)
2023-05-11 20:51:13.133  INFO 31579 --- [           main] o.apache.catalina.core.StandardService   : Starting service [Tomcat]
2023-05-11 20:51:13.133  INFO 31579 --- [           main] org.apache.catalina.core.StandardEngine  : Starting Servlet engine: [Apache Tomcat/9.0.74]
2023-05-11 20:51:13.333  INFO 31579 --- [           main] o.a.c.c.C.[Tomcat].[localhost].[/]       : Initializing Spring embedded WebApplicationContext
2023-05-11 20:51:13.334  INFO 31579 --- [           main] w.s.c.ServletWebServerApplicationContext : Root WebApplicationContext: initialization completed in 1820 ms
2023-05-11 20:51:13.574  INFO 31579 --- [           main] o.hibernate.jpa.internal.util.LogHelper  : HHH000204: Processing PersistenceUnitInfo [name: default]
2023-05-11 20:51:13.619  INFO 31579 --- [           main] org.hibernate.Version                    : HHH000412: Hibernate ORM core version 5.6.15.Final
2023-05-11 20:51:13.748  INFO 31579 --- [           main] o.hibernate.annotations.common.Version   : HCANN000001: Hibernate Commons Annotations {5.1.2.Final}
2023-05-11 20:51:13.849  INFO 31579 --- [           main] com.zaxxer.hikari.HikariDataSource       : HikariPool-1 - Starting...
2023-05-11 20:51:14.048  INFO 31579 --- [           main] com.zaxxer.hikari.HikariDataSource       : HikariPool-1 - Start completed.
2023-05-11 20:51:14.063  INFO 31579 --- [           main] org.hibernate.dialect.Dialect            : HHH000400: Using dialect: org.hibernate.dialect.H2Dialect
2023-05-11 20:51:14.592  INFO 31579 --- [           main] o.h.e.t.j.p.i.JtaPlatformInitiator       : HHH000490: Using JtaPlatform implementation: [org.hibernate.engine.transaction.jta.platform.internal.NoJtaPlatform]
2023-05-11 20:51:14.599  INFO 31579 --- [           main] j.LocalContainerEntityManagerFactoryBean : Initialized JPA EntityManagerFactory for persistence unit 'default'
2023-05-11 20:51:14.932  WARN 31579 --- [           main] JpaBaseConfiguration$JpaWebConfiguration : spring.jpa.open-in-view is enabled by default. Therefore, database queries may be performed during view rendering. Explicitly configure spring.jpa.open-in-view to disable this warning
2023-05-11 20:51:16.197  INFO 31579 --- [           main] o.s.b.w.embedded.tomcat.TomcatWebServer  : Tomcat started on port(s): 45943 (http) with context path ''
2023-05-11 20:51:16.426  INFO 31579 --- [           main] com.inditex.zara.price.AppTest           : Started AppTest in 5.561 seconds (JVM running for 6.619)
2023-05-11 20:51:16.676  INFO 31579 --- [o-auto-1-exec-1] o.a.c.c.C.[Tomcat].[localhost].[/]       : Initializing Spring DispatcherServlet 'dispatcherServlet'
2023-05-11 20:51:16.676  INFO 31579 --- [o-auto-1-exec-1] o.s.web.servlet.DispatcherServlet        : Initializing Servlet 'dispatcherServlet'
2023-05-11 20:51:16.677  INFO 31579 --- [o-auto-1-exec-1] o.s.web.servlet.DispatcherServlet        : Completed initialization in 1 ms
]]></system-out>
  </testcase>
  <testcase name="shouldReturnProperPriceData_case2" classname="com.inditex.zara.price.AppTest" time="0.006">
    <error message="Error while extracting response for type [class com.inditex.zara.price.AppTest$PriceResponse] and content type [application/json]; nested exception is org.springframework.http.converter.HttpMessageNotReadableException: JSON parse error: Unrecognized token &apos;Internal&apos;: was expecting (JSON String, Number, Array, Object or token &apos;null&apos;, &apos;true&apos; or &apos;false&apos;); nested exception is com.fasterxml.jackson.core.JsonParseException: Unrecognized token &apos;Internal&apos;: was expecting (JSON String, Number, Array, Object or token &apos;null&apos;, &apos;true&apos; or &apos;false&apos;)&#10; at [Source: (org.springframework.util.StreamUtils$NonClosingInputStream); line: 1, column: 10]" type="org.springframework.web.client.RestClientException">org.springframework.web.client.RestClientException: 
Error while extracting response for type [class com.inditex.zara.price.AppTest$PriceResponse] and content type [application/json]; nested exception is org.springframework.http.converter.HttpMessageNotReadableException: JSON parse error: Unrecognized token 'Internal': was expecting (JSON String, Number, Array, Object or token 'null', 'true' or 'false'); nested exception is com.fasterxml.jackson.core.JsonParseException: Unrecognized token 'Internal': was expecting (JSON String, Number, Array, Object or token 'null', 'true' or 'false')
 at [Source: (org.springframework.util.StreamUtils$NonClosingInputStream); line: 1, column: 10]
	at com.inditex.zara.price.AppTest.callGetEndpoint(AppTest.java:71)
	at com.inditex.zara.price.AppTest.shouldReturnProperPriceData_case2(AppTest.java:104)
Caused by: org.springframework.http.converter.HttpMessageNotReadableException: 
JSON parse error: Unrecognized token 'Internal': was expecting (JSON String, Number, Array, Object or token 'null', 'true' or 'false'); nested exception is com.fasterxml.jackson.core.JsonParseException: Unrecognized token 'Internal': was expecting (JSON String, Number, Array, Object or token 'null', 'true' or 'false')
 at [Source: (org.springframework.util.StreamUtils$NonClosingInputStream); line: 1, column: 10]
	at com.inditex.zara.price.AppTest.callGetEndpoint(AppTest.java:71)
	at com.inditex.zara.price.AppTest.shouldReturnProperPriceData_case2(AppTest.java:104)
Caused by: com.fasterxml.jackson.core.JsonParseException: 
Unrecognized token 'Internal': was expecting (JSON String, Number, Array, Object or token 'null', 'true' or 'false')
 at [Source: (org.springframework.util.StreamUtils$NonClosingInputStream); line: 1, column: 10]
	at com.inditex.zara.price.AppTest.callGetEndpoint(AppTest.java:71)
	at com.inditex.zara.price.AppTest.shouldReturnProperPriceData_case2(AppTest.java:104)
</error>
  </testcase>
  <testcase name="shouldReturnProperPriceData_case3" classname="com.inditex.zara.price.AppTest" time="0.007">
    <error message="Error while extracting response for type [class com.inditex.zara.price.AppTest$PriceResponse] and content type [application/json]; nested exception is org.springframework.http.converter.HttpMessageNotReadableException: JSON parse error: Unrecognized token &apos;Internal&apos;: was expecting (JSON String, Number, Array, Object or token &apos;null&apos;, &apos;true&apos; or &apos;false&apos;); nested exception is com.fasterxml.jackson.core.JsonParseException: Unrecognized token &apos;Internal&apos;: was expecting (JSON String, Number, Array, Object or token &apos;null&apos;, &apos;true&apos; or &apos;false&apos;)&#10; at [Source: (org.springframework.util.StreamUtils$NonClosingInputStream); line: 1, column: 10]" type="org.springframework.web.client.RestClientException">org.springframework.web.client.RestClientException: 
Error while extracting response for type [class com.inditex.zara.price.AppTest$PriceResponse] and content type [application/json]; nested exception is org.springframework.http.converter.HttpMessageNotReadableException: JSON parse error: Unrecognized token 'Internal': was expecting (JSON String, Number, Array, Object or token 'null', 'true' or 'false'); nested exception is com.fasterxml.jackson.core.JsonParseException: Unrecognized token 'Internal': was expecting (JSON String, Number, Array, Object or token 'null', 'true' or 'false')
 at [Source: (org.springframework.util.StreamUtils$NonClosingInputStream); line: 1, column: 10]
	at com.inditex.zara.price.AppTest.callGetEndpoint(AppTest.java:71)
	at com.inditex.zara.price.AppTest.shouldReturnProperPriceData_case3(AppTest.java:126)
Caused by: org.springframework.http.converter.HttpMessageNotReadableException: 
JSON parse error: Unrecognized token 'Internal': was expecting (JSON String, Number, Array, Object or token 'null', 'true' or 'false'); nested exception is com.fasterxml.jackson.core.JsonParseException: Unrecognized token 'Internal': was expecting (JSON String, Number, Array, Object or token 'null', 'true' or 'false')
 at [Source: (org.springframework.util.StreamUtils$NonClosingInputStream); line: 1, column: 10]
	at com.inditex.zara.price.AppTest.callGetEndpoint(AppTest.java:71)
	at com.inditex.zara.price.AppTest.shouldReturnProperPriceData_case3(AppTest.java:126)
Caused by: com.fasterxml.jackson.core.JsonParseException: 
Unrecognized token 'Internal': was expecting (JSON String, Number, Array, Object or token 'null', 'true' or 'false')
 at [Source: (org.springframework.util.StreamUtils$NonClosingInputStream); line: 1, column: 10]
	at com.inditex.zara.price.AppTest.callGetEndpoint(AppTest.java:71)
	at com.inditex.zara.price.AppTest.shouldReturnProperPriceData_case3(AppTest.java:126)
</error>
  </testcase>
  <testcase name="shouldReturnProperPriceData_case4" classname="com.inditex.zara.price.AppTest" time="0.007">
    <error message="Error while extracting response for type [class com.inditex.zara.price.AppTest$PriceResponse] and content type [application/json]; nested exception is org.springframework.http.converter.HttpMessageNotReadableException: JSON parse error: Unrecognized token &apos;Internal&apos;: was expecting (JSON String, Number, Array, Object or token &apos;null&apos;, &apos;true&apos; or &apos;false&apos;); nested exception is com.fasterxml.jackson.core.JsonParseException: Unrecognized token &apos;Internal&apos;: was expecting (JSON String, Number, Array, Object or token &apos;null&apos;, &apos;true&apos; or &apos;false&apos;)&#10; at [Source: (org.springframework.util.StreamUtils$NonClosingInputStream); line: 1, column: 10]" type="org.springframework.web.client.RestClientException">org.springframework.web.client.RestClientException: 
Error while extracting response for type [class com.inditex.zara.price.AppTest$PriceResponse] and content type [application/json]; nested exception is org.springframework.http.converter.HttpMessageNotReadableException: JSON parse error: Unrecognized token 'Internal': was expecting (JSON String, Number, Array, Object or token 'null', 'true' or 'false'); nested exception is com.fasterxml.jackson.core.JsonParseException: Unrecognized token 'Internal': was expecting (JSON String, Number, Array, Object or token 'null', 'true' or 'false')
 at [Source: (org.springframework.util.StreamUtils$NonClosingInputStream); line: 1, column: 10]
	at com.inditex.zara.price.AppTest.callGetEndpoint(AppTest.java:71)
	at com.inditex.zara.price.AppTest.shouldReturnProperPriceData_case4(AppTest.java:148)
Caused by: org.springframework.http.converter.HttpMessageNotReadableException: 
JSON parse error: Unrecognized token 'Internal': was expecting (JSON String, Number, Array, Object or token 'null', 'true' or 'false'); nested exception is com.fasterxml.jackson.core.JsonParseException: Unrecognized token 'Internal': was expecting (JSON String, Number, Array, Object or token 'null', 'true' or 'false')
 at [Source: (org.springframework.util.StreamUtils$NonClosingInputStream); line: 1, column: 10]
	at com.inditex.zara.price.AppTest.callGetEndpoint(AppTest.java:71)
	at com.inditex.zara.price.AppTest.shouldReturnProperPriceData_case4(AppTest.java:148)
Caused by: com.fasterxml.jackson.core.JsonParseException: 
Unrecognized token 'Internal': was expecting (JSON String, Number, Array, Object or token 'null', 'true' or 'false')
 at [Source: (org.springframework.util.StreamUtils$NonClosingInputStream); line: 1, column: 10]
	at com.inditex.zara.price.AppTest.callGetEndpoint(AppTest.java:71)
	at com.inditex.zara.price.AppTest.shouldReturnProperPriceData_case4(AppTest.java:148)
</error>
  </testcase>
  <testcase name="shouldReturnProperPriceData_case5" classname="com.inditex.zara.price.AppTest" time="0.008">
    <error message="Error while extracting response for type [class com.inditex.zara.price.AppTest$PriceResponse] and content type [application/json]; nested exception is org.springframework.http.converter.HttpMessageNotReadableException: JSON parse error: Unrecognized token &apos;Internal&apos;: was expecting (JSON String, Number, Array, Object or token &apos;null&apos;, &apos;true&apos; or &apos;false&apos;); nested exception is com.fasterxml.jackson.core.JsonParseException: Unrecognized token &apos;Internal&apos;: was expecting (JSON String, Number, Array, Object or token &apos;null&apos;, &apos;true&apos; or &apos;false&apos;)&#10; at [Source: (org.springframework.util.StreamUtils$NonClosingInputStream); line: 1, column: 10]" type="org.springframework.web.client.RestClientException">org.springframework.web.client.RestClientException: 
Error while extracting response for type [class com.inditex.zara.price.AppTest$PriceResponse] and content type [application/json]; nested exception is org.springframework.http.converter.HttpMessageNotReadableException: JSON parse error: Unrecognized token 'Internal': was expecting (JSON String, Number, Array, Object or token 'null', 'true' or 'false'); nested exception is com.fasterxml.jackson.core.JsonParseException: Unrecognized token 'Internal': was expecting (JSON String, Number, Array, Object or token 'null', 'true' or 'false')
 at [Source: (org.springframework.util.StreamUtils$NonClosingInputStream); line: 1, column: 10]
	at com.inditex.zara.price.AppTest.callGetEndpoint(AppTest.java:71)
	at com.inditex.zara.price.AppTest.shouldReturnProperPriceData_case5(AppTest.java:170)
Caused by: org.springframework.http.converter.HttpMessageNotReadableException: 
JSON parse error: Unrecognized token 'Internal': was expecting (JSON String, Number, Array, Object or token 'null', 'true' or 'false'); nested exception is com.fasterxml.jackson.core.JsonParseException: Unrecognized token 'Internal': was expecting (JSON String, Number, Array, Object or token 'null', 'true' or 'false')
 at [Source: (org.springframework.util.StreamUtils$NonClosingInputStream); line: 1, column: 10]
	at com.inditex.zara.price.AppTest.callGetEndpoint(AppTest.java:71)
	at com.inditex.zara.price.AppTest.shouldReturnProperPriceData_case5(AppTest.java:170)
Caused by: com.fasterxml.jackson.core.JsonParseException: 
Unrecognized token 'Internal': was expecting (JSON String, Number, Array, Object or token 'null', 'true' or 'false')
 at [Source: (org.springframework.util.StreamUtils$NonClosingInputStream); line: 1, column: 10]
	at com.inditex.zara.price.AppTest.callGetEndpoint(AppTest.java:71)
	at com.inditex.zara.price.AppTest.shouldReturnProperPriceData_case5(AppTest.java:170)
</error>
  </testcase>
</testsuite>